<?xml version="1.0" encoding="UTF-8"?>
<testsuite xmlns:xsi="http://www.w3.org/2001/XMLSchema-instance" xsi:noNamespaceSchemaLocation="https://maven.apache.org/surefire/maven-surefire-plugin/xsd/surefire-test-report-3.0.xsd" version="3.0" name="com.fpt.edu.main.JewelryAuctionSystemApplicationTests" time="15.815" tests="1" errors="0" skipped="0" failures="0">
  <properties>
[...]
</properties>
  <testcase name="contextLoads" classname="com.fpt.edu.main.JewelryAuctionSystemApplicationTests" time="0.473">
    <system-out><![CDATA[20:44:52.859 [main] INFO org.springframework.test.context.support.AnnotationConfigContextLoaderUtils -- Could not detect default configuration classes for test class [com.fpt.edu.main.JewelryAuctionSystemApplicationTests]: JewelryAuctionSystemApplicationTests does not declare any static, non-private, non-final, nested classes annotated with @Configuration.
20:44:52.973 [main] INFO org.springframework.boot.test.context.SpringBootTestContextBootstrapper -- Found @SpringBootConfiguration com.fpt.edu.JewelryAuctionSystemApplication for test class com.fpt.edu.main.JewelryAuctionSystemApplicationTests
  .   ____          _            __ _ _
 /\\ / ___'_ __ _ _(_)_ __  __ _ \ \ \ \
( ( )\___ | '_ | '_| | '_ \/ _` | \ \ \ \
 \\/  ___)| |_)| | | | | || (_| |  ) ) ) )
  '  |____| .__|_| |_|_| |_\__, | / / / /
 =========|_|==============|___/=/_/_/_/

 :: Spring Boot ::                (v3.3.0)

2024-07-22T20:44:53.290+07:00  INFO 18604 --- [           main] e.m.JewelryAuctionSystemApplicationTests : Starting JewelryAuctionSystemApplicationTests using Java 21 with PID 18604 (started by nguye in D:\FPTU-SU24\SWP391\work-space\Group06-Jewelry-Auction-System\JewelryAuctionSystem)
2024-07-22T20:44:53.292+07:00  INFO 18604 --- [           main] e.m.JewelryAuctionSystemApplicationTests : No active profile set, falling back to 1 default profile: "default"
2024-07-22T20:44:54.272+07:00  INFO 18604 --- [           main] .s.d.r.c.RepositoryConfigurationDelegate : Bootstrapping Spring Data JPA repositories in DEFAULT mode.
2024-07-22T20:44:54.448+07:00  INFO 18604 --- [           main] .s.d.r.c.RepositoryConfigurationDelegate : Finished Spring Data repository scanning in 168 ms. Found 23 JPA repository interfaces.
2024-07-22T20:44:55.312+07:00  INFO 18604 --- [           main] o.hibernate.jpa.internal.util.LogHelper  : HHH000204: Processing PersistenceUnitInfo [name: default]
2024-07-22T20:44:55.427+07:00  INFO 18604 --- [           main] org.hibernate.Version                    : HHH000412: Hibernate ORM core version 6.5.2.Final
2024-07-22T20:44:55.496+07:00  INFO 18604 --- [           main] o.h.c.internal.RegionFactoryInitiator    : HHH000026: Second-level cache disabled
2024-07-22T20:44:55.984+07:00  INFO 18604 --- [           main] o.s.o.j.p.SpringPersistenceUnitInfo      : No LoadTimeWeaver setup: ignoring JPA class transformer
2024-07-22T20:44:56.033+07:00  INFO 18604 --- [           main] com.zaxxer.hikari.HikariDataSource       : HikariPool-1 - Starting...
2024-07-22T20:44:57.600+07:00  INFO 18604 --- [           main] com.zaxxer.hikari.pool.HikariPool        : HikariPool-1 - Added connection com.mysql.cj.jdbc.ConnectionImpl@37f41a81
2024-07-22T20:44:57.602+07:00  INFO 18604 --- [           main] com.zaxxer.hikari.HikariDataSource       : HikariPool-1 - Start completed.
2024-07-22T20:44:58.723+07:00  INFO 18604 --- [           main] o.h.e.t.j.p.i.JtaPlatformInitiator       : HHH000489: No JTA platform available (set 'hibernate.transaction.jta.platform' to enable JTA platform integration)
2024-07-22T20:45:05.737+07:00  INFO 18604 --- [           main] j.LocalContainerEntityManagerFactoryBean : Initialized JPA EntityManagerFactory for persistence unit 'default'
2024-07-22T20:45:06.131+07:00  INFO 18604 --- [           main] o.s.d.j.r.query.QueryEnhancerFactory     : Hibernate is in classpath; If applicable, HQL parser will be used.
2024-07-22T20:45:07.135+07:00  WARN 18604 --- [           main] JpaBaseConfiguration$JpaWebConfiguration : spring.jpa.open-in-view is enabled by default. Therefore, database queries may be performed during view rendering. Explicitly configure spring.jpa.open-in-view to disable this warning
2024-07-22T20:45:07.530+07:00  INFO 18604 --- [           main] o.s.s.web.DefaultSecurityFilterChain     : Will secure any request with [org.springframework.security.web.session.DisableEncodeUrlFilter@490fa135, org.springframework.security.web.context.request.async.WebAsyncManagerIntegrationFilter@94d4dd, org.springframework.security.web.context.SecurityContextHolderFilter@1ef48e49, org.springframework.security.web.header.HeaderWriterFilter@5dd88334, org.springframework.security.web.authentication.logout.LogoutFilter@6e4c5d88, org.springframework.security.oauth2.server.resource.web.authentication.BearerTokenAuthenticationFilter@61ac8777, org.springframework.security.web.savedrequest.RequestCacheAwareFilter@6716d0e1, org.springframework.security.web.servletapi.SecurityContextHolderAwareRequestFilter@70385eb1, org.springframework.security.web.authentication.AnonymousAuthenticationFilter@5867c87, org.springframework.security.web.session.SessionManagementFilter@40f95b87, org.springframework.security.web.access.ExceptionTranslationFilter@426ee667, org.springframework.security.web.access.intercept.AuthorizationFilter@38c61ab]
2024-07-22T20:45:07.998+07:00  INFO 18604 --- [           main] o.s.m.s.b.SimpleBrokerMessageHandler     : Starting...
2024-07-22T20:45:07.999+07:00  INFO 18604 --- [           main] o.s.m.s.b.SimpleBrokerMessageHandler     : BrokerAvailabilityEvent[available=true, SimpleBrokerMessageHandler [org.springframework.messaging.simp.broker.DefaultSubscriptionRegistry@2438702]]
2024-07-22T20:45:08.000+07:00  INFO 18604 --- [           main] o.s.m.s.b.SimpleBrokerMessageHandler     : Started.
2024-07-22T20:45:08.011+07:00  INFO 18604 --- [           main] e.m.JewelryAuctionSystemApplicationTests : Started JewelryAuctionSystemApplicationTests in 14.925 seconds (process running for 15.811)
Hibernate: select ar1_0.auction_register_id,ar1_0.current_price,ar1_0.final_price,ar1_0.lot_id,ar1_0.member_id,ar1_0.previous_price,ar1_0.status from auction_register ar1_0 where ar1_0.status=?
Hibernate: select vr1_0.valuation_request_id,vr1_0.cancel_reason,vr1_0.description,vr1_0.estimate_price_max,vr1_0.estimate_price_min,vr1_0.member_id,vr1_0.member_estimate_price,vr1_0.product_id,vr1_0.time_request,vr1_0.status from valuation_request vr1_0 where vr1_0.status=?
Hibernate: select as1_0.auction_session_id,as1_0.description,as1_0.end_time,as1_0.image,as1_0.name,as1_0.staff_id,as1_0.start_time,as1_0.starting_bid,as1_0.status from auction_session as1_0 where as1_0.status=?
Hibernate: select as1_0.auction_session_id,as1_0.description,as1_0.end_time,as1_0.image,as1_0.name,as1_0.staff_id,as1_0.start_time,as1_0.starting_bid,as1_0.status from auction_session as1_0 where as1_0.status=?
Hibernate: select it1_0.id,it1_0.expired_time from invalidated_token it1_0
Hibernate: select s1_0.staff_id,s1_0.fullname from staff s1_0 where s1_0.staff_id=?
Hibernate: select s1_0.staff_id,s1_0.fullname from staff s1_0 where s1_0.staff_id=?
Hibernate: select as1_0.auction_session_id,as1_0.description,as1_0.end_time,as1_0.image,as1_0.name,as1_0.staff_id,as1_0.start_time,as1_0.starting_bid,as1_0.status from auction_session as1_0 where as1_0.status=?
]]></system-out>
    <system-err><![CDATA[WARNING: A Java agent has been loaded dynamically (C:\Users\nguye\.m2\repository\net\bytebuddy\byte-buddy-agent\1.14.16\byte-buddy-agent-1.14.16.jar)
WARNING: If a serviceability tool is in use, please run with -XX:+EnableDynamicAgentLoading to hide this warning
WARNING: If a serviceability tool is not in use, please run with -Djdk.instrument.traceUsage for more information
WARNING: Dynamic loading of agents will be disallowed by default in a future release
]]></system-err>
  </testcase>
</testsuite>